1732695156161:deneme
1732695199715:Auth Command
1732695253760:lg -l
1732695266075:pharmacy -c istanbul -d maltepe
1732695301448:login
1732695304400:admin
1732695347121:pharmacy -c istanbul -d maltepe
1732695393784:inputs
1732695395713:cem
1732695396366:akar
1732695408528:hi
1732695420569:hi -n cem -s akar
1732695960848:logout
1732695969497:login
1732695976856:admin
1732696182168:dd
1732696194782:hi -n os
1732696559752:login
1732696566671:admin
1732697097981:login
1732697100748:admin
1732697121824:hi -n cem -s akar
1732697126915:inputs
1732697128224:Cem
1732697129023:Akar
1732697136103:pharmac
1732697137496:pharmacy
1732697451383:login
1732697452560:admin
1732697458160:pharmacy
1732697567441:login
1732697568479:admin
1732697572639:pharmacy
1732697731566:login
1732697732361:admin
1732697736240:pharmacy
1732697961649:login
1732697963153:admin
1732697969566:pharmacy
1732698105095:login
1732698106503:admin
1732698109496:pharmacy
1732698285816:login
1732698289945:admin
1732708344830:login
1732708356039:admin
1732708380213:hi -n Berk -s  ÖNCÜ
1732879473822:hi -n Cem -s Akar
1732879492709:login
1732879511381:admin
1732879600380:loogut
1732879602461:logout
1732881638165:login
1732881640133:admin
1732881674612:hi -n Bülent -s Güven
1732884518667:register
1732884546708:hi
1732884551915:register
1732884557738:login
1732884581594:admin
1732885470859:login
1732885472251:admin
1732885473130:$2a$10$3
1732885561333:login
1732885565875:register
1732885568922:root
1732885572875:root@root.com
1732885718683:register
1732885719396:root
1732885721235:root@root
1732885801187:register
1732885802660:root
1732885804978:root@root.com
1732885807092:login
1732885807980:root
1732885812034:login
1732885812651:root
1732885813356:root2
1732885817828:login
1732885818764:root
1732886372291:login
1732886373452:root
1732886379395:getAllUsers
1732886425283:login
1732886426516:root
1732886430963:getAllUsers
1732886473955:login
1732886475381:root
1732886479812:logout
1732886482219:register
1732886487115:boncu
1732886492532:boncu@localhost.com
1732886497962:login
1732886499732:boncu
1732886500738:123
1732886505131:getAllUsers
1732887239667:login
1732887240363:root
1732887243859:getAllUsers
1732887259442:deleteUserById
1732887261522:7
1732887266355:deleteUserById
1732887269026:getAllUsers
1732887283851:updateUserById
1732887286579:5
1732887289330:demo2
1732887296260:demo2@localhost.com
1732887297164:123
1732887304668:getUserById
1732887306138:5
1732887497885:login
1732887498651:root
1732887504772:getAllUsers
1732887509534:createUser
1732887512100:harun
1732887515741:harun@localhost.com
1732887516227:123
1732887519332:getAllUsers
1732887530898:getUserById
1732887532211:8
1732887537603:deleteUserById
1732887538940:8
1732887541499:getAllUsers
